  app.c
  astNode.c
D:\my_projects\C\myDB\myDB\app.c(88,27): warning C4013: 'isspace' undefined; assuming extern returning int
D:\my_projects\C\myDB\myDB\app.c(87,19): warning C4267: 'initializing': conversion from 'size_t' to 'int', possible loss of data
D:\my_projects\C\myDB\myDB\astNode.c(18,33): warning C4028: formal parameter 1 different from declaration
  commandValidators.c
  createCommand.c
D:\my_projects\C\myDB\myDB\createCommand.c(55,3): warning C4033: 'createDatabaseCommand' must return a value
  database.c
  dropCommand.c
  parser_create.c
  parser_drop.c
D:\my_projects\C\myDB\myDB\parser_drop.c(94,39): warning C4090: 'function': different 'const' qualifiers
  parser_insert.c
D:\my_projects\C\myDB\myDB\parser_insert.c(112,20): warning C4013: 'extractedValuesToInsert' undefined; assuming extern returning int
D:\my_projects\C\myDB\myDB\parser_insert.c(121,35): warning C4133: 'function': incompatible types - from 'parsedValue ***' to 'const char ***'
D:\my_projects\C\myDB\myDB\parser_insert.c(122,22): warning C4133: 'function': incompatible types - from 'parsedValue ***' to 'char ***'
D:\my_projects\C\myDB\myDB\parser_insert.c(192,19): warning C4267: 'initializing': conversion from 'size_t' to 'int', possible loss of data
D:\my_projects\C\myDB\myDB\parser_insert.c(343,36): warning C4090: 'function': different 'const' qualifiers
  parser_keywords.c
D:\my_projects\C\myDB\myDB\parser_keywords.c(13,13): warning C4013: '_stricmp' undefined; assuming extern returning int
  parser_select.c
  parse_util.c
D:\my_projects\C\myDB\myDB\parse_util.c(17,14): warning C4090: 'function': different 'const' qualifiers
D:\my_projects\C\myDB\myDB\parse_util.c(18,14): warning C4090: 'function': different 'const' qualifiers
D:\my_projects\C\myDB\myDB\parse_util.c(25,19): warning C4090: 'function': different 'const' qualifiers
D:\my_projects\C\myDB\myDB\parse_util.c(34,47): warning C4090: 'function': different 'const' qualifiers
D:\my_projects\C\myDB\myDB\parse_util.c(67,45): warning C4090: 'function': different 'const' qualifiers
  specialCommnad.c
  File_Utils.c
D:\my_projects\C\myDB\myDB\File_Utils.c(159,30): warning C4047: 'function': 'const char *' differs in levels of indirection from 'int'
D:\my_projects\C\myDB\myDB\File_Utils.c(159,30): warning C4024: 'fopen': different types for formal and actual parameter 2
D:\my_projects\C\myDB\myDB\File_Utils.c(178,3): warning C4033: 'scanDatabase' must return a value
D:\my_projects\C\myDB\myDB\File_Utils.c(422,42): warning C4244: '=': conversion from 'double' to 'float', possible loss of data
D:\my_projects\C\myDB\myDB\File_Utils.c(456,3): warning C4033: 'saveTableToFile' must return a value
  insertCommand.c
D:\my_projects\C\myDB\myDB\insertCommand.h(8,45): error C2143: syntax error: missing ')' before '*'
  (compiling source file 'insertCommand.c')
  
D:\my_projects\C\myDB\myDB\insertCommand.h(8,37): error C2081: 'astNode': name in formal parameter list illegal
  (compiling source file 'insertCommand.c')
  
D:\my_projects\C\myDB\myDB\insertCommand.h(8,45): error C2143: syntax error: missing '{' before '*'
  (compiling source file 'insertCommand.c')
  
D:\my_projects\C\myDB\myDB\insertCommand.h(8,51): error C2059: syntax error: ')'
  (compiling source file 'insertCommand.c')
  
D:\my_projects\C\myDB\myDB\insertCommand.c(27,17): warning C4090: '=': different 'const' qualifiers
D:\my_projects\C\myDB\myDB\insertCommand.c(101,25): error C2065: 'valuesSize': undeclared identifier
D:\my_projects\C\myDB\myDB\insertCommand.c(103,53): error C2065: 'table': undeclared identifier
D:\my_projects\C\myDB\myDB\insertCommand.c(103,60): error C2223: left of '->columnCount' must point to struct/union
D:\my_projects\C\myDB\myDB\insertCommand.c(103,25): error C2198: 'void *safe_malloc(size_t)': too few arguments for call
D:\my_projects\C\myDB\myDB\insertCommand.c(104,43): error C2065: 'table': undeclared identifier
D:\my_projects\C\myDB\myDB\insertCommand.c(104,50): error C2223: left of '->columnCount' must point to struct/union
D:\my_projects\C\myDB\myDB\insertCommand.c(104,9): error C2198: 'void *memset(void *,int,size_t)': too few arguments for call
D:\my_projects\C\myDB\myDB\insertCommand.c(106,13): error C2065: 'columnsSize': undeclared identifier
D:\my_projects\C\myDB\myDB\insertCommand.c(107,33): error C2065: 'table': undeclared identifier
D:\my_projects\C\myDB\myDB\insertCommand.c(107,40): error C2223: left of '->columnCount' must point to struct/union
D:\my_projects\C\myDB\myDB\insertCommand.c(108,40): error C2065: 'table': undeclared identifier
D:\my_projects\C\myDB\myDB\insertCommand.c(108,47): error C2223: left of '->columns' must point to struct/union
D:\my_projects\C\myDB\myDB\insertCommand.c(110,53): error C2065: 'extractedValues': undeclared identifier
D:\my_projects\C\myDB\myDB\insertCommand.c(110,68): error C2109: subscript requires array or pointer type
D:\my_projects\C\myDB\myDB\insertCommand.c(110,76): error C2440: 'function': cannot convert from 'FieldType' to 'const parsedValue *'
D:\my_projects\C\myDB\myDB\insertCommand.c(110,76): warning C4024: 'parsedValueToField': different types for formal and actual parameter 2
D:\my_projects\C\myDB\myDB\insertCommand.c(110,22): error C2198: 'int parsedValueToField(Field *,const parsedValue *,const FieldType)': too few arguments for call
D:\my_projects\C\myDB\myDB\insertCommand.c(118,33): error C2065: 'columnsSize': undeclared identifier
D:\my_projects\C\myDB\myDB\insertCommand.c(119,53): error C2065: 'table': undeclared identifier
D:\my_projects\C\myDB\myDB\insertCommand.c(119,53): warning C4047: 'function': 'Table *' differs in levels of indirection from 'int'
D:\my_projects\C\myDB\myDB\insertCommand.c(119,53): warning C4024: 'findTableColumnIndex': different types for formal and actual parameter 1
D:\my_projects\C\myDB\myDB\insertCommand.c(119,60): error C2065: 'extractedColumns': undeclared identifier
D:\my_projects\C\myDB\myDB\insertCommand.c(119,76): error C2109: subscript requires array or pointer type
D:\my_projects\C\myDB\myDB\insertCommand.c(119,32): error C2198: 'int findTableColumnIndex(Table *,const char *)': too few arguments for call
D:\my_projects\C\myDB\myDB\insertCommand.c(124,40): error C2065: 'table': undeclared identifier
D:\my_projects\C\myDB\myDB\insertCommand.c(124,47): error C2223: left of '->columns' must point to struct/union
D:\my_projects\C\myDB\myDB\insertCommand.c(126,60): error C2065: 'extractedValues': undeclared identifier
D:\my_projects\C\myDB\myDB\insertCommand.c(126,75): error C2109: subscript requires array or pointer type
D:\my_projects\C\myDB\myDB\insertCommand.c(126,83): error C2440: 'function': cannot convert from 'FieldType' to 'const parsedValue *'
D:\my_projects\C\myDB\myDB\insertCommand.c(126,83): warning C4024: 'parsedValueToField': different types for formal and actual parameter 2
D:\my_projects\C\myDB\myDB\insertCommand.c(126,22): error C2198: 'int parsedValueToField(Field *,const parsedValue *,const FieldType)': too few arguments for call
D:\my_projects\C\myDB\myDB\insertCommand.c(134,19): error C2065: 'table': undeclared identifier
D:\my_projects\C\myDB\myDB\insertCommand.c(134,19): warning C4047: 'function': 'Table *' differs in levels of indirection from 'int'
D:\my_projects\C\myDB\myDB\insertCommand.c(134,19): warning C4024: 'insertRow': different types for formal and actual parameter 1
D:\my_projects\C\myDB\myDB\insertCommand.c(136,44): error C2065: 'table': undeclared identifier
D:\my_projects\C\myDB\myDB\insertCommand.c(136,51): error C2223: left of '->columnCount' must point to struct/union
D:\my_projects\C\myDB\myDB\insertCommand.c(136,84): warning C4047: 'function': 'int' differs in levels of indirection from 'char [50]'
D:\my_projects\C\myDB\myDB\insertCommand.c(136,84): warning C4024: 'appendTableRowsToFile': different types for formal and actual parameter 2
D:\my_projects\C\myDB\myDB\insertCommand.c(136,92): error C2065: 'table': undeclared identifier
D:\my_projects\C\myDB\myDB\insertCommand.c(136,99): error C2223: left of '->name' must point to struct/union
D:\my_projects\C\myDB\myDB\insertCommand.c(136,14): error C2198: 'int appendTableRowsToFile(Field *,int,const char *,const char *)': too few arguments for call
D:\my_projects\C\myDB\myDB\insertCommand.c(145,5): error C2065: 'state': undeclared identifier
D:\my_projects\C\myDB\myDB\insertCommand.c(146,5): error C2043: illegal break
  logger.c
  main.c
  programState.c
  selectCommand.c
  showCommand.c
D:\my_projects\C\myDB\myDB\showCommand.c(33,23): warning C4267: 'initializing': conversion from 'size_t' to 'int', possible loss of data
D:\my_projects\C\myDB\myDB\showCommand.c(59,23): warning C4267: 'initializing': conversion from 'size_t' to 'int', possible loss of data
  Generating Code...
D:\my_projects\C\myDB\myDB\File_Utils.c(162,1): warning C4716: 'readDataFromFile': must return a value
D:\my_projects\C\myDB\myDB\File_Utils.c(222,1): warning C4716: 'scanDatabase': must return a value
D:\my_projects\C\myDB\myDB\File_Utils.c(464,1): warning C4715: 'saveTableToFile': not all control paths return a value
D:\my_projects\C\myDB\myDB\createCommand.c(58,1): warning C4715: 'createDatabaseCommand': not all control paths return a value
  Compiling...
  table.c
  tokenizer.c
D:\my_projects\C\myDB\myDB\tokenizer.c(16,13): warning C4013: 'isspace' undefined; assuming extern returning int
D:\my_projects\C\myDB\myDB\tokenizer.c(39,24): warning C4267: '+=': conversion from 'size_t' to 'int', possible loss of data
  unuseCommand.c
  useCommand.c
  util.c
D:\my_projects\C\myDB\myDB\util.c(33,13): warning C4133: 'initializing': incompatible types - from 'void ***' to 'char ***'
D:\my_projects\C\myDB\myDB\util.c(68,22): warning C4267: 'initializing': conversion from 'size_t' to 'int', possible loss of data
D:\my_projects\C\myDB\myDB\util.c(123,19): warning C4244: '=': conversion from 'double' to 'float', possible loss of data
D:\my_projects\C\myDB\myDB\util.c(132,19): warning C5286: implicit conversion from enum type 'sqlValuesType' to enum type 'FieldType'; use an explicit cast to silence this warning
D:\my_projects\C\myDB\myDB\util.c(252,15): warning C4267: 'initializing': conversion from 'size_t' to 'int', possible loss of data
D:\my_projects\C\myDB\myDB\util.c(293,19): warning C4267: '+=': conversion from 'size_t' to 'int', possible loss of data
  Generating Code...
